<?xml version="1.0" encoding="UTF-8"?>
<testng-results skipped="3" failed="0" total="3" passed="0">
  <reporter-output>
  </reporter-output>
  <suite name="Default suite" duration-ms="6725" started-at="2016-09-06T10:17:58Z" finished-at="2016-09-06T10:18:05Z">
    <groups>
    </groups>
    <test name="Default test" duration-ms="6725" started-at="2016-09-06T10:17:58Z" finished-at="2016-09-06T10:18:05Z">
      <class name="tcom.mobiliya.iosDemo.realDeviceTest.testNgFiles.testChildCount">
        <test-method status="FAIL" signature="beforeTest()[pri:0, instance:tcom.mobiliya.iosDemo.realDeviceTest.testNgFiles.testChildCount@59f99ea]" name="beforeTest" is-config="true" duration-ms="0" started-at="2016-09-06T15:47:58Z" finished-at="2016-09-06T15:47:58Z">
          <exception class="java.lang.NullPointerException">
            <full-stacktrace>
              <![CDATA[java.lang.NullPointerException
	at tcom.mobiliya.iosDemo.realDeviceTest.testNgFiles.testChildCount.beforeTest(testChildCount.java:29)
	at sun.reflect.NativeMethodAccessorImpl.invoke0(Native Method)
	at sun.reflect.NativeMethodAccessorImpl.invoke(NativeMethodAccessorImpl.java:62)
	at sun.reflect.DelegatingMethodAccessorImpl.invoke(DelegatingMethodAccessorImpl.java:43)
	at java.lang.reflect.Method.invoke(Method.java:498)
	at org.testng.internal.MethodInvocationHelper.invokeMethod(MethodInvocationHelper.java:85)
	at org.testng.internal.Invoker.invokeConfigurationMethod(Invoker.java:510)
	at org.testng.internal.Invoker.invokeConfigurations(Invoker.java:211)
	at org.testng.internal.Invoker.invokeConfigurations(Invoker.java:138)
	at org.testng.internal.TestMethodWorker.invokeBeforeClassMethods(TestMethodWorker.java:170)
	at org.testng.internal.TestMethodWorker.run(TestMethodWorker.java:104)
	at org.testng.TestRunner.privateRun(TestRunner.java:774)
	at org.testng.TestRunner.run(TestRunner.java:624)
	at org.testng.SuiteRunner.runTest(SuiteRunner.java:359)
	at org.testng.SuiteRunner.runSequentially(SuiteRunner.java:354)
	at org.testng.SuiteRunner.privateRun(SuiteRunner.java:312)
	at org.testng.SuiteRunner.run(SuiteRunner.java:261)
	at org.testng.SuiteRunnerWorker.runSuite(SuiteRunnerWorker.java:52)
	at org.testng.SuiteRunnerWorker.run(SuiteRunnerWorker.java:86)
	at org.testng.TestNG.runSuitesSequentially(TestNG.java:1215)
	at org.testng.TestNG.runSuitesLocally(TestNG.java:1140)
	at org.testng.TestNG.run(TestNG.java:1048)
	at org.testng.remote.AbstractRemoteTestNG.run(AbstractRemoteTestNG.java:126)
	at org.testng.remote.RemoteTestNG.initAndRun(RemoteTestNG.java:152)
	at org.testng.remote.RemoteTestNG.main(RemoteTestNG.java:57)
]]>
            </full-stacktrace>
          </exception> <!-- java.lang.NullPointerException -->
          <reporter-output>
          </reporter-output>
        </test-method> <!-- beforeTest -->
        <test-method status="SKIP" signature="childCountTest()[pri:0, instance:tcom.mobiliya.iosDemo.realDeviceTest.testNgFiles.testChildCount@59f99ea]" name="childCountTest" duration-ms="1" started-at="2016-09-06T15:48:05Z" finished-at="2016-09-06T15:48:05Z">
          <reporter-output>
          </reporter-output>
        </test-method> <!-- childCountTest -->
        <test-method status="SKIP" signature="child1NameTest()[pri:1, instance:tcom.mobiliya.iosDemo.realDeviceTest.testNgFiles.testChildCount@59f99ea]" name="child1NameTest" duration-ms="1" started-at="2016-09-06T15:48:05Z" finished-at="2016-09-06T15:48:05Z">
          <reporter-output>
          </reporter-output>
        </test-method> <!-- child1NameTest -->
        <test-method status="SKIP" signature="child1Crousetest()[pri:2, instance:tcom.mobiliya.iosDemo.realDeviceTest.testNgFiles.testChildCount@59f99ea]" name="child1Crousetest" duration-ms="1" started-at="2016-09-06T15:48:05Z" finished-at="2016-09-06T15:48:05Z">
          <reporter-output>
          </reporter-output>
        </test-method> <!-- child1Crousetest -->
        <test-method status="SKIP" signature="afterTest()[pri:0, instance:tcom.mobiliya.iosDemo.realDeviceTest.testNgFiles.testChildCount@59f99ea]" name="afterTest" is-config="true" duration-ms="0" started-at="2016-09-06T15:48:05Z" finished-at="2016-09-06T15:48:05Z">
          <reporter-output>
          </reporter-output>
        </test-method> <!-- afterTest -->
      </class> <!-- tcom.mobiliya.iosDemo.realDeviceTest.testNgFiles.testChildCount -->
    </test> <!-- Default test -->
  </suite> <!-- Default suite -->
</testng-results>
