<?xml version="1.0" encoding="UTF-8"?>
<!-- Generated by org.testng.reporters.JUnitXMLReporter -->
<testsuite hostname="admins-Mac-mini.local" name="Default test" tests="1" failures="0" timestamp="27 Sep 2016 05:58:35 GMT" time="11.398" errors="0">
  <testcase name="@BeforeMethod getPartentWindow" time="0.0" classname="com.mobiliya.edvelop.test.TestMainMenu">
    <failure type="org.openqa.selenium.NoSuchElementException" message="Can&amp;apos;t locate an element by this strategy: Locator map: 
- native content: &amp;quot;By.xpath: //UIAApplication[1]/UIAWindow[1]/UIANavigationBar[1]/UIAButton[2]&amp;quot; 
- html content: &amp;quot;by id or name &amp;quot;btn_parent&amp;quot;&amp;quot;
For documentation on this error, please visit: http://seleniumhq.org/exceptions/no_such_element.html
Build info: version: &amp;apos;2.53.1&amp;apos;, revision: &amp;apos;a36b8b1&amp;apos;, time: &amp;apos;2016-06-30 17:37:03&amp;apos;
System info: host: &amp;apos;admins-Mac-mini.local&amp;apos;, ip: &amp;apos;10.9.43.129&amp;apos;, os.name: &amp;apos;Mac OS X&amp;apos;, os.arch: &amp;apos;x86_64&amp;apos;, os.version: &amp;apos;10.11.6&amp;apos;, java.version: &amp;apos;1.8.0_101&amp;apos;
Driver info: driver.version: unknown">
      <![CDATA[org.openqa.selenium.NoSuchElementException: Can't locate an element by this strategy: Locator map: 
- native content: "By.xpath: //UIAApplication[1]/UIAWindow[1]/UIANavigationBar[1]/UIAButton[2]" 
- html content: "by id or name "btn_parent""
For documentation on this error, please visit: http://seleniumhq.org/exceptions/no_such_element.html
Build info: version: '2.53.1', revision: 'a36b8b1', time: '2016-06-30 17:37:03'
System info: host: 'admins-Mac-mini.local', ip: '10.9.43.129', os.name: 'Mac OS X', os.arch: 'x86_64', os.version: '10.11.6', java.version: '1.8.0_101'
Driver info: driver.version: unknown
	at io.appium.java_client.pagefactory.AppiumElementLocator.findElement(AppiumElementLocator.java:110)
	at io.appium.java_client.pagefactory.interceptors.InterceptorOfASingleElement.intercept(InterceptorOfASingleElement.java:57)
	at io.appium.java_client.ios.IOSElement$$EnhancerByCGLIB$$7cebeae4.click(<generated>)
	at com.mobiliya.edvelop.pageObjects.DashboardPage.clickParentButton(DashboardPage.java:25)
	at com.mobiliya.edvelop.test.TestMainMenu.getPartentWindow(TestMainMenu.java:17)
	at sun.reflect.NativeMethodAccessorImpl.invoke0(Native Method)
	at sun.reflect.NativeMethodAccessorImpl.invoke(NativeMethodAccessorImpl.java:62)
	at sun.reflect.DelegatingMethodAccessorImpl.invoke(DelegatingMethodAccessorImpl.java:43)
	at java.lang.reflect.Method.invoke(Method.java:498)
	at org.testng.internal.MethodInvocationHelper.invokeMethod(MethodInvocationHelper.java:85)
	at org.testng.internal.Invoker.invokeConfigurationMethod(Invoker.java:510)
	at org.testng.internal.Invoker.invokeConfigurations(Invoker.java:211)
	at org.testng.internal.Invoker.invokeMethod(Invoker.java:585)
	at org.testng.internal.Invoker.invokeTestMethod(Invoker.java:816)
	at org.testng.internal.Invoker.invokeTestMethods(Invoker.java:1124)
	at org.testng.internal.TestMethodWorker.invokeTestMethods(TestMethodWorker.java:125)
	at org.testng.internal.TestMethodWorker.run(TestMethodWorker.java:108)
	at org.testng.TestRunner.privateRun(TestRunner.java:774)
	at org.testng.TestRunner.run(TestRunner.java:624)
	at org.testng.SuiteRunner.runTest(SuiteRunner.java:359)
	at org.testng.SuiteRunner.runSequentially(SuiteRunner.java:354)
	at org.testng.SuiteRunner.privateRun(SuiteRunner.java:312)
	at org.testng.SuiteRunner.run(SuiteRunner.java:261)
	at org.testng.SuiteRunnerWorker.runSuite(SuiteRunnerWorker.java:52)
	at org.testng.SuiteRunnerWorker.run(SuiteRunnerWorker.java:86)
	at org.testng.TestNG.runSuitesSequentially(TestNG.java:1215)
	at org.testng.TestNG.runSuitesLocally(TestNG.java:1140)
	at org.testng.TestNG.run(TestNG.java:1048)
	at org.testng.remote.AbstractRemoteTestNG.run(AbstractRemoteTestNG.java:126)
	at org.testng.remote.RemoteTestNG.initAndRun(RemoteTestNG.java:152)
	at org.testng.remote.RemoteTestNG.main(RemoteTestNG.java:57)
]]>
    </failure>
  </testcase> <!-- @BeforeMethod getPartentWindow -->
  <testcase name="childName" time="0.002" classname="com.mobiliya.edvelop.test.TestMainMenu">
    <skipped/>
  </testcase> <!-- childName -->
</testsuite> <!-- Default test -->
