<?xml version="1.0" encoding="UTF-8"?>
<!-- Generated by org.testng.reporters.JUnitXMLReporter -->
<testsuite hostname="admins-Mac-mini.local" name="TestMicro" tests="9" failures="9" timestamp="6 Oct 2016 12:15:09 GMT" time="399.909" errors="0">
  <testcase name="testValidLoginWithMicrosoft" time="129.036" classname="com.mobiliya.edvelop.test.TestValidLoginWithMicrosoft">
    <failure type="org.openqa.selenium.TimeoutException" message="Timed out after 120 seconds waiting for element to be clickable: [[IOSDriver:  on MAC (b288272e-0819-481d-bd37-11452b3a5f8a)] -&amp;gt; xpath: //UIAApplication[1]/UIAWindow[1]/UIAButton[3]]
Build info: version: &amp;apos;2.53.1&amp;apos;, revision: &amp;apos;a36b8b1&amp;apos;, time: &amp;apos;2016-06-30 17:37:03&amp;apos;
System info: host: &amp;apos;admins-Mac-mini.local&amp;apos;, ip: &amp;apos;10.9.43.129&amp;apos;, os.name: &amp;apos;Mac OS X&amp;apos;, os.arch: &amp;apos;x86_64&amp;apos;, os.version: &amp;apos;10.11.6&amp;apos;, java.version: &amp;apos;1.8.0_101&amp;apos;
Driver info: io.appium.java_client.ios.IOSDriver
Capabilities [{app=/Users/deepti/Documents/ios-Automation/workspace/ios-Automation/workspace/MobiliyaAppiumFramework/Apps/EdvelopDock.ipa, networkConnectionEnabled=false, bundleId=com.mobiliya.EdvelopDock, databaseEnabled=false, deviceName=Tushar, fullReset=true, platform=MAC, showIOSLog=true, desired={app=/Users/deepti/Documents/ios-Automation/workspace/ios-Automation/workspace/MobiliyaAppiumFramework/Apps/EdvelopDock.ipa, showIOSLog=true, newCommandTimeout=15000, platformVersion=9.2, bundleId=com.mobiliya.EdvelopDock, waitForAppScript=$.delay(5000); true;, platformName=iOS, udid=1dae97c7b2a2203799e620d2197a6165f6e65f10, deviceName=Tushar, fullReset=true, autoAcceptAlerts=true}, newCommandTimeout=15000, platformVersion=9.2, webStorageEnabled=false, locationContextEnabled=false, browserName=, takesScreenshot=true, waitForAppScript=$.delay(5000); true;, javascriptEnabled=true, platformName=iOS, udid=1dae97c7b2a2203799e620d2197a6165f6e65f10, autoAcceptAlerts=true}]
Session ID: b288272e-0819-481d-bd37-11452b3a5f8a">
      <![CDATA[org.openqa.selenium.TimeoutException: Timed out after 120 seconds waiting for element to be clickable: [[IOSDriver:  on MAC (b288272e-0819-481d-bd37-11452b3a5f8a)] -> xpath: //UIAApplication[1]/UIAWindow[1]/UIAButton[3]]
Build info: version: '2.53.1', revision: 'a36b8b1', time: '2016-06-30 17:37:03'
System info: host: 'admins-Mac-mini.local', ip: '10.9.43.129', os.name: 'Mac OS X', os.arch: 'x86_64', os.version: '10.11.6', java.version: '1.8.0_101'
Driver info: io.appium.java_client.ios.IOSDriver
Capabilities [{app=/Users/deepti/Documents/ios-Automation/workspace/ios-Automation/workspace/MobiliyaAppiumFramework/Apps/EdvelopDock.ipa, networkConnectionEnabled=false, bundleId=com.mobiliya.EdvelopDock, databaseEnabled=false, deviceName=Tushar, fullReset=true, platform=MAC, showIOSLog=true, desired={app=/Users/deepti/Documents/ios-Automation/workspace/ios-Automation/workspace/MobiliyaAppiumFramework/Apps/EdvelopDock.ipa, showIOSLog=true, newCommandTimeout=15000, platformVersion=9.2, bundleId=com.mobiliya.EdvelopDock, waitForAppScript=$.delay(5000); true;, platformName=iOS, udid=1dae97c7b2a2203799e620d2197a6165f6e65f10, deviceName=Tushar, fullReset=true, autoAcceptAlerts=true}, newCommandTimeout=15000, platformVersion=9.2, webStorageEnabled=false, locationContextEnabled=false, browserName=, takesScreenshot=true, waitForAppScript=$.delay(5000); true;, javascriptEnabled=true, platformName=iOS, udid=1dae97c7b2a2203799e620d2197a6165f6e65f10, autoAcceptAlerts=true}]
Session ID: b288272e-0819-481d-bd37-11452b3a5f8a
	at org.openqa.selenium.support.ui.WebDriverWait.timeoutException(WebDriverWait.java:80)
	at org.openqa.selenium.support.ui.FluentWait.until(FluentWait.java:261)
	at com.mobiliya.edvelop.test.TestValidLoginWithMicrosoft.testValidLoginWithMicrosoft(TestValidLoginWithMicrosoft.java:25)
... Removed 24 stack frames]]>
    </failure>
  </testcase> <!-- testValidLoginWithMicrosoft -->
  <testcase name="testClassName" time="123.261" classname="com.mobiliya.edvelop.test.TestDisplayDashboard">
    <failure type="org.openqa.selenium.NoSuchElementException" message="Can&amp;apos;t locate an element by this strategy: Locator map: 
- native content: &amp;quot;By.xpath: //UIAApplication[1]/UIAWindow[1]/UIANavigationBar[1]/UIAButton[2]&amp;quot; 
- html content: &amp;quot;by id or name &amp;quot;btn_parent&amp;quot;&amp;quot;
For documentation on this error, please visit: http://seleniumhq.org/exceptions/no_such_element.html
Build info: version: &amp;apos;2.53.1&amp;apos;, revision: &amp;apos;a36b8b1&amp;apos;, time: &amp;apos;2016-06-30 17:37:03&amp;apos;
System info: host: &amp;apos;admins-Mac-mini.local&amp;apos;, ip: &amp;apos;10.9.43.129&amp;apos;, os.name: &amp;apos;Mac OS X&amp;apos;, os.arch: &amp;apos;x86_64&amp;apos;, os.version: &amp;apos;10.11.6&amp;apos;, java.version: &amp;apos;1.8.0_101&amp;apos;
Driver info: driver.version: unknown">
      <![CDATA[org.openqa.selenium.NoSuchElementException: Can't locate an element by this strategy: Locator map: 
- native content: "By.xpath: //UIAApplication[1]/UIAWindow[1]/UIANavigationBar[1]/UIAButton[2]" 
- html content: "by id or name "btn_parent""
For documentation on this error, please visit: http://seleniumhq.org/exceptions/no_such_element.html
Build info: version: '2.53.1', revision: 'a36b8b1', time: '2016-06-30 17:37:03'
System info: host: 'admins-Mac-mini.local', ip: '10.9.43.129', os.name: 'Mac OS X', os.arch: 'x86_64', os.version: '10.11.6', java.version: '1.8.0_101'
Driver info: driver.version: unknown
	at io.appium.java_client.pagefactory.AppiumElementLocator.findElement(AppiumElementLocator.java:110)
	at io.appium.java_client.pagefactory.interceptors.InterceptorOfASingleElement.intercept(InterceptorOfASingleElement.java:57)
	at io.appium.java_client.ios.IOSElement$$EnhancerByCGLIB$$74467066.toString(<generated>)
	at java.lang.String.valueOf(String.java:2994)
	at java.lang.StringBuilder.append(StringBuilder.java:131)
	at org.openqa.selenium.support.ui.ExpectedConditions$23.toString(ExpectedConditions.java:701)
	at org.openqa.selenium.support.ui.FluentWait.until(FluentWait.java:257)
	at com.mobiliya.edvelop.test.TestDisplayDashboard.testClassName(TestDisplayDashboard.java:32)
... Removed 24 stack frames]]>
    </failure>
  </testcase> <!-- testClassName -->
  <testcase name="testAllEventsDisplayed" time="1.244" classname="com.mobiliya.edvelop.test.TestMainMenu">
    <failure type="org.openqa.selenium.NoSuchElementException" message="Can&amp;apos;t locate an element by this strategy: Locator map: 
- native content: &amp;quot;By.xpath: //UIAApplication[1]/UIAWindow[1]/UIACollectionView[2]/UIACollectionCell[1]&amp;quot; 
- html content: &amp;quot;by id or name &amp;quot;btn_menu_all&amp;quot;&amp;quot;
For documentation on this error, please visit: http://seleniumhq.org/exceptions/no_such_element.html
Build info: version: &amp;apos;2.53.1&amp;apos;, revision: &amp;apos;a36b8b1&amp;apos;, time: &amp;apos;2016-06-30 17:37:03&amp;apos;
System info: host: &amp;apos;admins-Mac-mini.local&amp;apos;, ip: &amp;apos;10.9.43.129&amp;apos;, os.name: &amp;apos;Mac OS X&amp;apos;, os.arch: &amp;apos;x86_64&amp;apos;, os.version: &amp;apos;10.11.6&amp;apos;, java.version: &amp;apos;1.8.0_101&amp;apos;
Driver info: driver.version: unknown">
      <![CDATA[org.openqa.selenium.NoSuchElementException: Can't locate an element by this strategy: Locator map: 
- native content: "By.xpath: //UIAApplication[1]/UIAWindow[1]/UIACollectionView[2]/UIACollectionCell[1]" 
- html content: "by id or name "btn_menu_all""
For documentation on this error, please visit: http://seleniumhq.org/exceptions/no_such_element.html
Build info: version: '2.53.1', revision: 'a36b8b1', time: '2016-06-30 17:37:03'
System info: host: 'admins-Mac-mini.local', ip: '10.9.43.129', os.name: 'Mac OS X', os.arch: 'x86_64', os.version: '10.11.6', java.version: '1.8.0_101'
Driver info: driver.version: unknown
	at io.appium.java_client.pagefactory.AppiumElementLocator.findElement(AppiumElementLocator.java:110)
	at io.appium.java_client.pagefactory.interceptors.InterceptorOfASingleElement.intercept(InterceptorOfASingleElement.java:57)
	at io.appium.java_client.ios.IOSElement$$EnhancerByCGLIB$$74467066.click(<generated>)
	at com.mobiliya.edvelop.pageObjects.DashboardPage.clickAllMenuButton(DashboardPage.java:72)
	at com.mobiliya.edvelop.test.TestMainMenu.testAllEventsDisplayed(TestMainMenu.java:32)
... Removed 24 stack frames]]>
    </failure>
  </testcase> <!-- testAllEventsDisplayed -->
  <testcase name="testEventEventsDisplayed" time="1.382" classname="com.mobiliya.edvelop.test.TestMainMenu">
    <failure type="org.openqa.selenium.NoSuchElementException" message="Can&amp;apos;t locate an element by this strategy: Locator map: 
- native content: &amp;quot;By.xpath: //UIAApplication[1]/UIAWindow[1]/UIACollectionView[2]/UIACollectionCell[5]&amp;quot; 
- html content: &amp;quot;by id or name &amp;quot;btn_menu_event&amp;quot;&amp;quot;
For documentation on this error, please visit: http://seleniumhq.org/exceptions/no_such_element.html
Build info: version: &amp;apos;2.53.1&amp;apos;, revision: &amp;apos;a36b8b1&amp;apos;, time: &amp;apos;2016-06-30 17:37:03&amp;apos;
System info: host: &amp;apos;admins-Mac-mini.local&amp;apos;, ip: &amp;apos;10.9.43.129&amp;apos;, os.name: &amp;apos;Mac OS X&amp;apos;, os.arch: &amp;apos;x86_64&amp;apos;, os.version: &amp;apos;10.11.6&amp;apos;, java.version: &amp;apos;1.8.0_101&amp;apos;
Driver info: driver.version: unknown">
      <![CDATA[org.openqa.selenium.NoSuchElementException: Can't locate an element by this strategy: Locator map: 
- native content: "By.xpath: //UIAApplication[1]/UIAWindow[1]/UIACollectionView[2]/UIACollectionCell[5]" 
- html content: "by id or name "btn_menu_event""
For documentation on this error, please visit: http://seleniumhq.org/exceptions/no_such_element.html
Build info: version: '2.53.1', revision: 'a36b8b1', time: '2016-06-30 17:37:03'
System info: host: 'admins-Mac-mini.local', ip: '10.9.43.129', os.name: 'Mac OS X', os.arch: 'x86_64', os.version: '10.11.6', java.version: '1.8.0_101'
Driver info: driver.version: unknown
	at io.appium.java_client.pagefactory.AppiumElementLocator.findElement(AppiumElementLocator.java:110)
	at io.appium.java_client.pagefactory.interceptors.InterceptorOfASingleElement.intercept(InterceptorOfASingleElement.java:57)
	at io.appium.java_client.ios.IOSElement$$EnhancerByCGLIB$$74467066.click(<generated>)
	at com.mobiliya.edvelop.pageObjects.DashboardPage.clickEventMenuButton(DashboardPage.java:89)
	at com.mobiliya.edvelop.test.TestMainMenu.testEventEventsDisplayed(TestMainMenu.java:143)
... Removed 24 stack frames]]>
    </failure>
  </testcase> <!-- testEventEventsDisplayed -->
  <testcase name="testGalleryEventsDisplayed" time="1.234" classname="com.mobiliya.edvelop.test.TestMainMenu">
    <failure type="org.openqa.selenium.NoSuchElementException" message="Can&amp;apos;t locate an element by this strategy: Locator map: 
- native content: &amp;quot;By.xpath: //UIAApplication[1]/UIAWindow[1]/UIACollectionView[2]/UIACollectionCell[4]&amp;quot; 
- html content: &amp;quot;by id or name &amp;quot;btn_menu_gallery&amp;quot;&amp;quot;
For documentation on this error, please visit: http://seleniumhq.org/exceptions/no_such_element.html
Build info: version: &amp;apos;2.53.1&amp;apos;, revision: &amp;apos;a36b8b1&amp;apos;, time: &amp;apos;2016-06-30 17:37:03&amp;apos;
System info: host: &amp;apos;admins-Mac-mini.local&amp;apos;, ip: &amp;apos;10.9.43.129&amp;apos;, os.name: &amp;apos;Mac OS X&amp;apos;, os.arch: &amp;apos;x86_64&amp;apos;, os.version: &amp;apos;10.11.6&amp;apos;, java.version: &amp;apos;1.8.0_101&amp;apos;
Driver info: driver.version: unknown">
      <![CDATA[org.openqa.selenium.NoSuchElementException: Can't locate an element by this strategy: Locator map: 
- native content: "By.xpath: //UIAApplication[1]/UIAWindow[1]/UIACollectionView[2]/UIACollectionCell[4]" 
- html content: "by id or name "btn_menu_gallery""
For documentation on this error, please visit: http://seleniumhq.org/exceptions/no_such_element.html
Build info: version: '2.53.1', revision: 'a36b8b1', time: '2016-06-30 17:37:03'
System info: host: 'admins-Mac-mini.local', ip: '10.9.43.129', os.name: 'Mac OS X', os.arch: 'x86_64', os.version: '10.11.6', java.version: '1.8.0_101'
Driver info: driver.version: unknown
	at io.appium.java_client.pagefactory.AppiumElementLocator.findElement(AppiumElementLocator.java:110)
	at io.appium.java_client.pagefactory.interceptors.InterceptorOfASingleElement.intercept(InterceptorOfASingleElement.java:57)
	at io.appium.java_client.ios.IOSElement$$EnhancerByCGLIB$$74467066.click(<generated>)
	at com.mobiliya.edvelop.pageObjects.DashboardPage.clickGalleryMenuButton(DashboardPage.java:85)
	at com.mobiliya.edvelop.test.TestMainMenu.testGalleryEventsDisplayed(TestMainMenu.java:46)
... Removed 24 stack frames]]>
    </failure>
  </testcase> <!-- testGalleryEventsDisplayed -->
  <testcase name="testHomeWorkEventsDisplayed" time="1.37" classname="com.mobiliya.edvelop.test.TestMainMenu">
    <failure type="org.openqa.selenium.NoSuchElementException" message="Can&amp;apos;t locate an element by this strategy: Locator map: 
- native content: &amp;quot;By.xpath: //UIAApplication[1]/UIAWindow[1]/UIACollectionView[2]/UIACollectionCell[3]&amp;quot; 
- html content: &amp;quot;by id or name &amp;quot;btn_menu_homework&amp;quot;&amp;quot;
For documentation on this error, please visit: http://seleniumhq.org/exceptions/no_such_element.html
Build info: version: &amp;apos;2.53.1&amp;apos;, revision: &amp;apos;a36b8b1&amp;apos;, time: &amp;apos;2016-06-30 17:37:03&amp;apos;
System info: host: &amp;apos;admins-Mac-mini.local&amp;apos;, ip: &amp;apos;10.9.43.129&amp;apos;, os.name: &amp;apos;Mac OS X&amp;apos;, os.arch: &amp;apos;x86_64&amp;apos;, os.version: &amp;apos;10.11.6&amp;apos;, java.version: &amp;apos;1.8.0_101&amp;apos;
Driver info: driver.version: unknown">
      <![CDATA[org.openqa.selenium.NoSuchElementException: Can't locate an element by this strategy: Locator map: 
- native content: "By.xpath: //UIAApplication[1]/UIAWindow[1]/UIACollectionView[2]/UIACollectionCell[3]" 
- html content: "by id or name "btn_menu_homework""
For documentation on this error, please visit: http://seleniumhq.org/exceptions/no_such_element.html
Build info: version: '2.53.1', revision: 'a36b8b1', time: '2016-06-30 17:37:03'
System info: host: 'admins-Mac-mini.local', ip: '10.9.43.129', os.name: 'Mac OS X', os.arch: 'x86_64', os.version: '10.11.6', java.version: '1.8.0_101'
Driver info: driver.version: unknown
	at io.appium.java_client.pagefactory.AppiumElementLocator.findElement(AppiumElementLocator.java:110)
	at io.appium.java_client.pagefactory.interceptors.InterceptorOfASingleElement.intercept(InterceptorOfASingleElement.java:57)
	at io.appium.java_client.ios.IOSElement$$EnhancerByCGLIB$$74467066.click(<generated>)
	at com.mobiliya.edvelop.pageObjects.DashboardPage.clickHomeWorkMenuButton(DashboardPage.java:81)
	at com.mobiliya.edvelop.test.TestMainMenu.testHomeWorkEventsDisplayed(TestMainMenu.java:115)
... Removed 24 stack frames]]>
    </failure>
  </testcase> <!-- testHomeWorkEventsDisplayed -->
  <testcase name="testNoticeEventsDisplayed" time="1.274" classname="com.mobiliya.edvelop.test.TestMainMenu">
    <failure type="org.openqa.selenium.NoSuchElementException" message="Can&amp;apos;t locate an element by this strategy: Locator map: 
- native content: &amp;quot;By.xpath: //UIAApplication[1]/UIAWindow[1]/UIACollectionView[2]/UIACollectionCell[2]&amp;quot; 
- html content: &amp;quot;by id or name &amp;quot;btn_menu_notice&amp;quot;&amp;quot;
For documentation on this error, please visit: http://seleniumhq.org/exceptions/no_such_element.html
Build info: version: &amp;apos;2.53.1&amp;apos;, revision: &amp;apos;a36b8b1&amp;apos;, time: &amp;apos;2016-06-30 17:37:03&amp;apos;
System info: host: &amp;apos;admins-Mac-mini.local&amp;apos;, ip: &amp;apos;10.9.43.129&amp;apos;, os.name: &amp;apos;Mac OS X&amp;apos;, os.arch: &amp;apos;x86_64&amp;apos;, os.version: &amp;apos;10.11.6&amp;apos;, java.version: &amp;apos;1.8.0_101&amp;apos;
Driver info: driver.version: unknown">
      <![CDATA[org.openqa.selenium.NoSuchElementException: Can't locate an element by this strategy: Locator map: 
- native content: "By.xpath: //UIAApplication[1]/UIAWindow[1]/UIACollectionView[2]/UIACollectionCell[2]" 
- html content: "by id or name "btn_menu_notice""
For documentation on this error, please visit: http://seleniumhq.org/exceptions/no_such_element.html
Build info: version: '2.53.1', revision: 'a36b8b1', time: '2016-06-30 17:37:03'
System info: host: 'admins-Mac-mini.local', ip: '10.9.43.129', os.name: 'Mac OS X', os.arch: 'x86_64', os.version: '10.11.6', java.version: '1.8.0_101'
Driver info: driver.version: unknown
	at io.appium.java_client.pagefactory.AppiumElementLocator.findElement(AppiumElementLocator.java:110)
	at io.appium.java_client.pagefactory.interceptors.InterceptorOfASingleElement.intercept(InterceptorOfASingleElement.java:57)
	at io.appium.java_client.ios.IOSElement$$EnhancerByCGLIB$$74467066.click(<generated>)
	at com.mobiliya.edvelop.pageObjects.DashboardPage.clickNoticeMenuButton(DashboardPage.java:77)
	at com.mobiliya.edvelop.test.TestMainMenu.testNoticeEventsDisplayed(TestMainMenu.java:88)
... Removed 24 stack frames]]>
    </failure>
  </testcase> <!-- testNoticeEventsDisplayed -->
  <testcase name="testTimeLineITems" time="2.648" classname="com.mobiliya.edvelop.test.TestMainMenu">
    <failure type="java.lang.AssertionError" message="lists don&amp;apos;t have the same size expected [5] but found [0]">
      <![CDATA[java.lang.AssertionError: lists don't have the same size expected [5] but found [0]
	at com.mobiliya.edvelop.test.TestMainMenu.testTimeLineITems(TestMainMenu.java:27)
... Removed 31 stack frames]]>
    </failure>
  </testcase> <!-- testTimeLineITems -->
  <testcase name="testLogOut" time="66.95" classname="com.mobiliya.edvelop.test.TestLogOut">
    <failure type="org.openqa.selenium.WebDriverException" message="An unknown server-side error occurred while processing the command. Original error: elementId 163 could not be tapped (WARNING: The server did not provide any stacktrace information)
Command duration or timeout: 1.19 seconds
Build info: version: &amp;apos;2.53.1&amp;apos;, revision: &amp;apos;a36b8b1&amp;apos;, time: &amp;apos;2016-06-30 17:37:03&amp;apos;
System info: host: &amp;apos;admins-Mac-mini.local&amp;apos;, ip: &amp;apos;10.9.43.129&amp;apos;, os.name: &amp;apos;Mac OS X&amp;apos;, os.arch: &amp;apos;x86_64&amp;apos;, os.version: &amp;apos;10.11.6&amp;apos;, java.version: &amp;apos;1.8.0_101&amp;apos;
Driver info: io.appium.java_client.ios.IOSDriver
Capabilities [{app=/Users/deepti/Documents/ios-Automation/workspace/ios-Automation/workspace/MobiliyaAppiumFramework/Apps/EdvelopDock.ipa, networkConnectionEnabled=false, bundleId=com.mobiliya.EdvelopDock, databaseEnabled=false, deviceName=Tushar, fullReset=true, platform=MAC, showIOSLog=true, desired={app=/Users/deepti/Documents/ios-Automation/workspace/ios-Automation/workspace/MobiliyaAppiumFramework/Apps/EdvelopDock.ipa, showIOSLog=true, newCommandTimeout=15000, platformVersion=9.2, bundleId=com.mobiliya.EdvelopDock, waitForAppScript=$.delay(5000); true;, platformName=iOS, udid=1dae97c7b2a2203799e620d2197a6165f6e65f10, deviceName=Tushar, fullReset=true, autoAcceptAlerts=true}, newCommandTimeout=15000, platformVersion=9.2, webStorageEnabled=false, locationContextEnabled=false, browserName=, takesScreenshot=true, waitForAppScript=$.delay(5000); true;, javascriptEnabled=true, platformName=iOS, udid=1dae97c7b2a2203799e620d2197a6165f6e65f10, autoAcceptAlerts=true}]
Session ID: b288272e-0819-481d-bd37-11452b3a5f8a">
      <![CDATA[org.openqa.selenium.WebDriverException: An unknown server-side error occurred while processing the command. Original error: elementId 163 could not be tapped (WARNING: The server did not provide any stacktrace information)
Command duration or timeout: 1.19 seconds
Build info: version: '2.53.1', revision: 'a36b8b1', time: '2016-06-30 17:37:03'
System info: host: 'admins-Mac-mini.local', ip: '10.9.43.129', os.name: 'Mac OS X', os.arch: 'x86_64', os.version: '10.11.6', java.version: '1.8.0_101'
Driver info: io.appium.java_client.ios.IOSDriver
Capabilities [{app=/Users/deepti/Documents/ios-Automation/workspace/ios-Automation/workspace/MobiliyaAppiumFramework/Apps/EdvelopDock.ipa, networkConnectionEnabled=false, bundleId=com.mobiliya.EdvelopDock, databaseEnabled=false, deviceName=Tushar, fullReset=true, platform=MAC, showIOSLog=true, desired={app=/Users/deepti/Documents/ios-Automation/workspace/ios-Automation/workspace/MobiliyaAppiumFramework/Apps/EdvelopDock.ipa, showIOSLog=true, newCommandTimeout=15000, platformVersion=9.2, bundleId=com.mobiliya.EdvelopDock, waitForAppScript=$.delay(5000); true;, platformName=iOS, udid=1dae97c7b2a2203799e620d2197a6165f6e65f10, deviceName=Tushar, fullReset=true, autoAcceptAlerts=true}, newCommandTimeout=15000, platformVersion=9.2, webStorageEnabled=false, locationContextEnabled=false, browserName=, takesScreenshot=true, waitForAppScript=$.delay(5000); true;, javascriptEnabled=true, platformName=iOS, udid=1dae97c7b2a2203799e620d2197a6165f6e65f10, autoAcceptAlerts=true}]
Session ID: b288272e-0819-481d-bd37-11452b3a5f8a
	at org.openqa.selenium.remote.ErrorHandler.createThrowable(ErrorHandler.java:206)
	at org.openqa.selenium.remote.ErrorHandler.throwIfResponseFailed(ErrorHandler.java:158)
	at org.openqa.selenium.remote.RemoteWebDriver.execute(RemoteWebDriver.java:678)
	at io.appium.java_client.DefaultGenericMobileDriver.execute(DefaultGenericMobileDriver.java:51)
	at io.appium.java_client.AppiumDriver.execute(AppiumDriver.java:1)
	at io.appium.java_client.ios.IOSDriver.execute(IOSDriver.java:1)
	at org.openqa.selenium.remote.RemoteWebElement.execute(RemoteWebElement.java:327)
	at io.appium.java_client.DefaultGenericMobileElement.execute(DefaultGenericMobileElement.java:46)
	at io.appium.java_client.MobileElement.execute(MobileElement.java:1)
	at io.appium.java_client.ios.IOSElement.execute(IOSElement.java:1)
	at org.openqa.selenium.remote.RemoteWebElement.click(RemoteWebElement.java:85)
	at io.appium.java_client.pagefactory.ElementInterceptor.getObject(ElementInterceptor.java:39)
	at io.appium.java_client.pagefactory.interceptors.InterceptorOfASingleElement.intercept(InterceptorOfASingleElement.java:58)
	at io.appium.java_client.ios.IOSElement$$EnhancerByCGLIB$$74467066.click(<generated>)
	at com.mobiliya.edvelop.pageObjects.DashboardPage.clickSignOutButton(DashboardPage.java:94)
	at com.mobiliya.edvelop.test.TestLogOut.testLogOut(TestLogOut.java:36)
... Removed 30 stack frames]]>
    </failure>
  </testcase> <!-- testLogOut -->
</testsuite> <!-- TestMicro -->
