<?xml version="1.0" encoding="UTF-8"?>
<!-- Generated by org.testng.reporters.JUnitXMLReporter -->
<testsuite hostname="admins-Mac-mini.local" name="Test" tests="4" failures="0" timestamp="27 Sep 2016 07:49:34 GMT" time="98.546" errors="0">
  <testcase name="@BeforeMethod getPartentWindow" time="0.0" classname="com.mobiliya.edvelop.test.TestMainMenu">
    <failure type="org.openqa.selenium.NoSuchElementException" message="Can&amp;apos;t locate an element by this strategy: Locator map: 
- native content: &amp;quot;By.xpath: //UIAApplication[1]/UIAWindow[1]/UIANavigationBar[1]/UIAButton[2]&amp;quot; 
- html content: &amp;quot;by id or name &amp;quot;btn_parent&amp;quot;&amp;quot;
For documentation on this error, please visit: http://seleniumhq.org/exceptions/no_such_element.html
Build info: version: &amp;apos;2.53.1&amp;apos;, revision: &amp;apos;a36b8b1&amp;apos;, time: &amp;apos;2016-06-30 17:37:03&amp;apos;
System info: host: &amp;apos;admins-Mac-mini.local&amp;apos;, ip: &amp;apos;10.9.43.129&amp;apos;, os.name: &amp;apos;Mac OS X&amp;apos;, os.arch: &amp;apos;x86_64&amp;apos;, os.version: &amp;apos;10.11.6&amp;apos;, java.version: &amp;apos;1.8.0_101&amp;apos;
Driver info: driver.version: unknown">
      <![CDATA[org.openqa.selenium.NoSuchElementException: Can't locate an element by this strategy: Locator map: 
- native content: "By.xpath: //UIAApplication[1]/UIAWindow[1]/UIANavigationBar[1]/UIAButton[2]" 
- html content: "by id or name "btn_parent""
For documentation on this error, please visit: http://seleniumhq.org/exceptions/no_such_element.html
Build info: version: '2.53.1', revision: 'a36b8b1', time: '2016-06-30 17:37:03'
System info: host: 'admins-Mac-mini.local', ip: '10.9.43.129', os.name: 'Mac OS X', os.arch: 'x86_64', os.version: '10.11.6', java.version: '1.8.0_101'
Driver info: driver.version: unknown
	at io.appium.java_client.pagefactory.AppiumElementLocator.findElement(AppiumElementLocator.java:110)
	at io.appium.java_client.pagefactory.interceptors.InterceptorOfASingleElement.intercept(InterceptorOfASingleElement.java:57)
	at io.appium.java_client.ios.IOSElement$$EnhancerByCGLIB$$c72b8231.click(<generated>)
	at com.mobiliya.edvelop.pageObjects.DashboardPage.clickParentButton(DashboardPage.java:25)
	at com.mobiliya.edvelop.test.TestMainMenu.getPartentWindow(TestMainMenu.java:17)
... Removed 26 stack frames]]>
    </failure>
  </testcase> <!-- @BeforeMethod getPartentWindow -->
  <testcase name="testDisplayIntroScreensOnFirstLaunch" time="23.199" classname="com.mobiliya.edvelop.test.TestDisplayIntroScreens"/>
  <testcase name="testValidLoginWithMicrosoft" time="62.714" classname="com.mobiliya.edvelop.test.TestValidLoginWithMicrosoft"/>
  <testcase name="testDisplayDashboardAfterValidLogin" time="11.29" classname="com.mobiliya.edvelop.test.TestDisplayDashboard"/>
  <testcase name="childName" time="0.003" classname="com.mobiliya.edvelop.test.TestMainMenu">
    <skipped/>
  </testcase> <!-- childName -->
</testsuite> <!-- Test -->
