<?xml version="1.0" encoding="UTF-8"?>
<!-- Generated by org.testng.reporters.JUnitXMLReporter -->
<testsuite hostname="admins-Mac-mini.local" name="TestFaceBook" tests="9" failures="1" timestamp="12 Oct 2016 09:48:41 GMT" time="376.801" errors="0">
  <testcase name="testValidLoginWithFacebook" time="46.28" classname="com.mobiliya.edvelop.test.TestValidLoginWithFacebook"/>
  <testcase name="testClassName" time="42.015" classname="com.mobiliya.edvelop.test.TestDisplayDashboard">
    <failure type="java.lang.AssertionError" message="Lists differ at element [1]: Class 8 != Class 9 expected [Class 8] but found [Class 9]">
      <![CDATA[java.lang.AssertionError: Lists differ at element [1]: Class 8 != Class 9 expected [Class 8] but found [Class 9]
	at com.mobiliya.edvelop.test.TestDisplayDashboard.testClassName(TestDisplayDashboard.java:36)
... Removed 30 stack frames]]>
    </failure>
  </testcase> <!-- testClassName -->
  <testcase name="testAllEventsDisplayed" time="10.712" classname="com.mobiliya.edvelop.test.TestMainMenu"/>
  <testcase name="testEventEventsDisplayed" time="14.738" classname="com.mobiliya.edvelop.test.TestMainMenu"/>
  <testcase name="testGalleryEventsDisplayed" time="143.641" classname="com.mobiliya.edvelop.test.TestMainMenu"/>
  <testcase name="testHomeWorkEventsDisplayed" time="22.828" classname="com.mobiliya.edvelop.test.TestMainMenu"/>
  <testcase name="testNoticeEventsDisplayed" time="13.17" classname="com.mobiliya.edvelop.test.TestMainMenu"/>
  <testcase name="testTimeLineITems" time="11.043" classname="com.mobiliya.edvelop.test.TestMainMenu"/>
  <testcase name="testLogOut" time="18.654" classname="com.mobiliya.edvelop.test.TestLogOut"/>
</testsuite> <!-- TestFaceBook -->
