<?xml version="1.0" encoding="UTF-8"?>
<!-- Generated by org.testng.reporters.JUnitXMLReporter -->
<testsuite hostname="admins-Mac-mini.local" name="TestGmail" tests="4" failures="4" timestamp="14 Oct 2016 06:36:20 GMT" time="206.275" errors="0">
  <testcase name="testDisplayIntroScreensOnFirstLaunch" time="22.937" classname="com.mobiliya.edvelop.test.TestDisplayIntroScreens">
    <failure type="java.lang.AssertionError" message="expected [GET STARTEDhi] but found [GET STARTED]">
      <![CDATA[java.lang.AssertionError: expected [GET STARTEDhi] but found [GET STARTED]
	at com.mobiliya.edvelop.test.TestDisplayIntroScreens.testDisplayIntroScreensOnFirstLaunch(TestDisplayIntroScreens.java:18)
... Removed 29 stack frames]]>
    </failure>
  </testcase> <!-- testDisplayIntroScreensOnFirstLaunch -->
  <testcase name="testValidLoginWithGoogle" time="72.623" classname="com.mobiliya.edvelop.test.TestValidLoginWithGoogle">
    <failure type="java.lang.AssertionError" message="expected [Please contact school admin in case of incorrect informationhi] but found [Please contact school admin in case of incorrect information]">
      <![CDATA[java.lang.AssertionError: expected [Please contact school admin in case of incorrect informationhi] but found [Please contact school admin in case of incorrect information]
	at com.mobiliya.edvelop.test.TestValidLoginWithGoogle.testValidLoginWithGoogle(TestValidLoginWithGoogle.java:43)
... Removed 29 stack frames]]>
    </failure>
  </testcase> <!-- testValidLoginWithGoogle -->
  <testcase name="testClassName" time="44.638" classname="com.mobiliya.edvelop.test.TestDisplayDashboard">
    <failure type="java.lang.AssertionError" message="Lists differ at element [0]: Class 8 != Class 9 expected [Class 8] but found [Class 9]">
      <![CDATA[java.lang.AssertionError: Lists differ at element [0]: Class 8 != Class 9 expected [Class 8] but found [Class 9]
	at com.mobiliya.edvelop.test.TestDisplayDashboard.testClassName(TestDisplayDashboard.java:36)
... Removed 30 stack frames]]>
    </failure>
  </testcase> <!-- testClassName -->
  <testcase name="testLogOut" time="19.468" classname="com.mobiliya.edvelop.test.TestLogOut">
    <failure type="java.lang.AssertionError" message="expected [Please sign in using email id as provided to the schoolhi] but found [Please sign in using email id as provided to the school]">
      <![CDATA[java.lang.AssertionError: expected [Please sign in using email id as provided to the schoolhi] but found [Please sign in using email id as provided to the school]
	at com.mobiliya.edvelop.test.TestLogOut.testLogOut(TestLogOut.java:39)
... Removed 29 stack frames]]>
    </failure>
  </testcase> <!-- testLogOut -->
</testsuite> <!-- TestGmail -->
