<?xml version="1.0" encoding="UTF-8"?>
<!-- Generated by org.testng.reporters.JUnitXMLReporter -->
<testsuite hostname="admins-Mac-mini.local" name="TestMicroSoft" tests="9" failures="1" timestamp="12 Oct 2016 09:42:24 GMT" time="418.526" errors="0">
  <testcase name="testValidLoginWithMicrosoft" time="87.247" classname="com.mobiliya.edvelop.test.TestValidLoginWithMicrosoft"/>
  <testcase name="testClassName" time="58.509" classname="com.mobiliya.edvelop.test.TestDisplayDashboard">
    <failure type="java.lang.AssertionError" message="Lists differ at element [1]: Class 8 != Class 9 expected [Class 8] but found [Class 9]">
      <![CDATA[java.lang.AssertionError: Lists differ at element [1]: Class 8 != Class 9 expected [Class 8] but found [Class 9]
	at com.mobiliya.edvelop.test.TestDisplayDashboard.testClassName(TestDisplayDashboard.java:36)
... Removed 30 stack frames]]>
    </failure>
  </testcase> <!-- testClassName -->
  <testcase name="testAllEventsDisplayed" time="10.584" classname="com.mobiliya.edvelop.test.TestMainMenu"/>
  <testcase name="testEventEventsDisplayed" time="14.742" classname="com.mobiliya.edvelop.test.TestMainMenu"/>
  <testcase name="testGalleryEventsDisplayed" time="142.465" classname="com.mobiliya.edvelop.test.TestMainMenu"/>
  <testcase name="testHomeWorkEventsDisplayed" time="22.687" classname="com.mobiliya.edvelop.test.TestMainMenu"/>
  <testcase name="testNoticeEventsDisplayed" time="13.119" classname="com.mobiliya.edvelop.test.TestMainMenu"/>
  <testcase name="testTimeLineITems" time="10.94" classname="com.mobiliya.edvelop.test.TestMainMenu"/>
  <testcase name="testLogOut" time="18.655" classname="com.mobiliya.edvelop.test.TestLogOut"/>
</testsuite> <!-- TestMicroSoft -->
