<?xml version="1.0" encoding="UTF-8"?>
<testng-results skipped="0" failed="0" total="3" passed="3">
  <reporter-output>
  </reporter-output>
  <suite name="Suite" duration-ms="64668" started-at="2016-09-26T05:00:11Z" finished-at="2016-09-26T05:01:16Z">
    <groups>
    </groups>
    <test name="Test" duration-ms="64668" started-at="2016-09-26T05:00:11Z" finished-at="2016-09-26T05:01:16Z">
      <class name="com.mobiliya.edvelop.test.BaseTest">
        <test-method status="PASS" signature="setup()[pri:0, instance:com.mobiliya.edvelop.test.BaseTest@60c6f5b]" name="setup" is-config="true" duration-ms="51418" started-at="2016-09-26T10:29:20Z" finished-at="2016-09-26T10:30:11Z">
          <reporter-output>
          </reporter-output>
        </test-method> <!-- setup -->
        <test-method status="PASS" signature="tearDown()[pri:0, instance:com.mobiliya.edvelop.test.BaseTest@60c6f5b]" name="tearDown" is-config="true" duration-ms="157" started-at="2016-09-26T10:31:16Z" finished-at="2016-09-26T10:31:16Z">
          <reporter-output>
          </reporter-output>
        </test-method> <!-- tearDown -->
      </class> <!-- com.mobiliya.edvelop.test.BaseTest -->
      <class name="com.mobiliya.edvelop.test.EdvelopTests">
        <test-method status="PASS" signature="testDisplayIntroScreensOnFirstLaunch()[pri:1, instance:com.mobiliya.edvelop.test.EdvelopTests@2038ae61]" name="testDisplayIntroScreensOnFirstLaunch" duration-ms="20246" started-at="2016-09-26T10:30:11Z" finished-at="2016-09-26T10:30:32Z">
          <reporter-output>
          </reporter-output>
        </test-method> <!-- testDisplayIntroScreensOnFirstLaunch -->
        <test-method status="PASS" signature="testValidLoginWithGoogle(java.lang.String, java.lang.String)[pri:0, instance:com.mobiliya.edvelop.test.EdvelopTests@2038ae61]" name="testValidLoginWithGoogle" duration-ms="43995" started-at="2016-09-26T10:30:32Z" data-provider="testDataValidLogin" depends-on-methods="com.mobiliya.edvelop.test.EdvelopTests.testDisplayIntroScreensOnFirstLaunch" finished-at="2016-09-26T10:31:16Z">
          <params>
            <param index="0">
              <value>
                <![CDATA[kanika.jaypee@gmail.com]]>
              </value>
            </param>
            <param index="1">
              <value>
                <![CDATA[AgreeYa@123]]>
              </value>
            </param>
          </params>
          <reporter-output>
          </reporter-output>
        </test-method> <!-- testValidLoginWithGoogle -->
        <test-method status="PASS" signature="testDisplayDashboard()[pri:0, instance:com.mobiliya.edvelop.test.EdvelopTests@2038ae61]" name="testDisplayDashboard" duration-ms="11" started-at="2016-09-26T10:31:16Z" depends-on-methods="com.mobiliya.edvelop.test.EdvelopTests.testValidLoginWithGoogle" finished-at="2016-09-26T10:31:16Z">
          <reporter-output>
          </reporter-output>
        </test-method> <!-- testDisplayDashboard -->
      </class> <!-- com.mobiliya.edvelop.test.EdvelopTests -->
    </test> <!-- Test -->
  </suite> <!-- Suite -->
</testng-results>
